---------------------------------------------------------------
[ 2018-12-16T22:41:52+08:00 ] 0.0.0.0 GET /score/public/index.php/mark/Mark/index
[ info ] localhost/score/public/index.php/mark/Mark/index [运行时间：0.229013s][吞吐率：4.37req/s] [内存消耗：2,462.33kb] [文件加载：36]
[ info ] [ LANG ] C:\wamp64\www\score\thinkphp\lang\zh-cn.php
[ info ] [ ROUTE ] array (
  'type' => 'module',
  'module' => 
  array (
    0 => 'mark',
    1 => 'Mark',
    2 => 'index',
  ),
)
[ info ] [ HEADER ] array (
  'host' => 'localhost',
  'connection' => 'keep-alive',
  'upgrade-insecure-requests' => '1',
  'user-agent' => 'Mozilla/5.0 (Windows NT 6.1; Win64; x64) AppleWebKit/537.36 (KHTML, like Gecko) Chrome/70.0.3538.110 Safari/537.36',
  'accept' => 'text/html,application/xhtml+xml,application/xml;q=0.9,image/webp,image/apng,*/*;q=0.8',
  'accept-encoding' => 'gzip, deflate, br',
  'accept-language' => 'zh-CN,zh;q=0.9',
  'cookie' => 'pgv_pvi=6860910592; remeber_name=sgdc',
)
[ info ] [ PARAM ] array (
)
[ info ] [ LOG ] INIT File
---------------------------------------------------------------
[ 2018-12-16T22:42:03+08:00 ] 0.0.0.0 GET /score/public/index.php/mark/Index/index
[ info ] localhost/score/public/index.php/mark/Index/index [运行时间：0.047002s][吞吐率：21.28req/s] [内存消耗：2,480.45kb] [文件加载：36]
[ info ] [ LANG ] C:\wamp64\www\score\thinkphp\lang\zh-cn.php
[ info ] [ ROUTE ] array (
  'type' => 'module',
  'module' => 
  array (
    0 => 'mark',
    1 => 'Index',
    2 => 'index',
  ),
)
[ info ] [ HEADER ] array (
  'host' => 'localhost',
  'connection' => 'keep-alive',
  'upgrade-insecure-requests' => '1',
  'user-agent' => 'Mozilla/5.0 (Windows NT 6.1; Win64; x64) AppleWebKit/537.36 (KHTML, like Gecko) Chrome/70.0.3538.110 Safari/537.36',
  'accept' => 'text/html,application/xhtml+xml,application/xml;q=0.9,image/webp,image/apng,*/*;q=0.8',
  'accept-encoding' => 'gzip, deflate, br',
  'accept-language' => 'zh-CN,zh;q=0.9',
  'cookie' => 'pgv_pvi=6860910592; remeber_name=sgdc',
)
[ info ] [ PARAM ] array (
)
[ info ] [ LOG ] INIT File
[ error ] [4]语法错误: unexpected 'public' (T_PUBLIC), expecting ',' or ';'[C:\wamp64\www\score\application\mark\controller\Index.php:11]
---------------------------------------------------------------
[ 2018-12-16T22:42:30+08:00 ] 0.0.0.0 GET /score/public/index.php/mark/Index/index
[ info ] localhost/score/public/index.php/mark/Index/index [运行时间：0.042002s][吞吐率：23.81req/s] [内存消耗：2,572.52kb] [文件加载：40]
[ info ] [ LANG ] C:\wamp64\www\score\thinkphp\lang\zh-cn.php
[ info ] [ ROUTE ] array (
  'type' => 'module',
  'module' => 
  array (
    0 => 'mark',
    1 => 'Index',
    2 => 'index',
  ),
)
[ info ] [ HEADER ] array (
  'host' => 'localhost',
  'connection' => 'keep-alive',
  'cache-control' => 'max-age=0',
  'upgrade-insecure-requests' => '1',
  'user-agent' => 'Mozilla/5.0 (Windows NT 6.1; Win64; x64) AppleWebKit/537.36 (KHTML, like Gecko) Chrome/70.0.3538.110 Safari/537.36',
  'accept' => 'text/html,application/xhtml+xml,application/xml;q=0.9,image/webp,image/apng,*/*;q=0.8',
  'accept-encoding' => 'gzip, deflate, br',
  'accept-language' => 'zh-CN,zh;q=0.9',
  'cookie' => 'pgv_pvi=6860910592; remeber_name=sgdc',
)
[ info ] [ PARAM ] array (
)
[ info ] [ LOG ] INIT File
---------------------------------------------------------------
[ 2018-12-16T22:42:54+08:00 ] 0.0.0.0 GET /score/public/index.php/mark/Index/index
[ info ] localhost/score/public/index.php/mark/Index/index [运行时间：1.268072s][吞吐率：0.79req/s] [内存消耗：4,002.77kb] [文件加载：47]
[ info ] [ LANG ] C:\wamp64\www\score\thinkphp\lang\zh-cn.php
[ info ] [ ROUTE ] array (
  'type' => 'module',
  'module' => 
  array (
    0 => 'mark',
    1 => 'Index',
    2 => 'index',
  ),
)
[ info ] [ HEADER ] array (
  'host' => 'localhost',
  'connection' => 'keep-alive',
  'cache-control' => 'max-age=0',
  'upgrade-insecure-requests' => '1',
  'user-agent' => 'Mozilla/5.0 (Windows NT 6.1; Win64; x64) AppleWebKit/537.36 (KHTML, like Gecko) Chrome/70.0.3538.110 Safari/537.36',
  'accept' => 'text/html,application/xhtml+xml,application/xml;q=0.9,image/webp,image/apng,*/*;q=0.8',
  'accept-encoding' => 'gzip, deflate, br',
  'accept-language' => 'zh-CN,zh;q=0.9',
  'cookie' => 'pgv_pvi=6860910592; remeber_name=sgdc',
)
[ info ] [ PARAM ] array (
)
[ info ] [ DB ] INIT mysql
[ info ] [ LOG ] INIT File
[ sql ] [ DB ] CONNECT:[ UseTime:0.013001s ] mysql:host=localhost;dbname=score;charset=utf8
[ sql ] [ SQL ] SHOW COLUMNS FROM `access_token` [ RunTime:0.018001s ]
[ sql ] [ SQL ] SELECT * FROM `access_token` LIMIT 1 [ RunTime:0.002000s ]
[ error ] [2]file_get_contents(): SSL operation failed with code 1. OpenSSL Error messages:
error:14090086:SSL routines:ssl3_get_server_certificate:certificate verify failed[C:\wamp64\www\score\extend\wechat.class.php:24]
---------------------------------------------------------------
[ 2018-12-16T22:43:34+08:00 ] 0.0.0.0 GET /score/public/index.php/mark/Index/index
[ info ] localhost/score/public/index.php/mark/Index/index [运行时间：0.139008s][吞吐率：7.19req/s] [内存消耗：4,002.77kb] [文件加载：47]
[ info ] [ LANG ] C:\wamp64\www\score\thinkphp\lang\zh-cn.php
[ info ] [ ROUTE ] array (
  'type' => 'module',
  'module' => 
  array (
    0 => 'mark',
    1 => 'Index',
    2 => 'index',
  ),
)
[ info ] [ HEADER ] array (
  'host' => 'localhost',
  'connection' => 'keep-alive',
  'cache-control' => 'max-age=0',
  'upgrade-insecure-requests' => '1',
  'user-agent' => 'Mozilla/5.0 (Windows NT 6.1; Win64; x64) AppleWebKit/537.36 (KHTML, like Gecko) Chrome/70.0.3538.110 Safari/537.36',
  'accept' => 'text/html,application/xhtml+xml,application/xml;q=0.9,image/webp,image/apng,*/*;q=0.8',
  'accept-encoding' => 'gzip, deflate, br',
  'accept-language' => 'zh-CN,zh;q=0.9',
  'cookie' => 'pgv_pvi=6860910592; remeber_name=sgdc',
)
[ info ] [ PARAM ] array (
)
[ info ] [ DB ] INIT mysql
[ info ] [ LOG ] INIT File
[ sql ] [ DB ] CONNECT:[ UseTime:0.011000s ] mysql:host=localhost;dbname=score;charset=utf8
[ sql ] [ SQL ] SHOW COLUMNS FROM `access_token` [ RunTime:0.002000s ]
[ sql ] [ SQL ] SELECT * FROM `access_token` LIMIT 1 [ RunTime:0.000000s ]
[ error ] [2]file_get_contents(): SSL operation failed with code 1. OpenSSL Error messages:
error:14090086:SSL routines:ssl3_get_server_certificate:certificate verify failed[C:\wamp64\www\score\extend\wechat.class.php:24]
---------------------------------------------------------------
[ 2018-12-16T22:43:39+08:00 ] 0.0.0.0 GET /score/public/index.php/mark/Index/index
[ info ] localhost/score/public/index.php/mark/Index/index [运行时间：0.248014s][吞吐率：4.03req/s] [内存消耗：4,074.48kb] [文件加载：46]
[ info ] [ LANG ] C:\wamp64\www\score\thinkphp\lang\zh-cn.php
[ info ] [ ROUTE ] array (
  'type' => 'module',
  'module' => 
  array (
    0 => 'mark',
    1 => 'Index',
    2 => 'index',
  ),
)
[ info ] [ HEADER ] array (
  'host' => 'localhost',
  'connection' => 'keep-alive',
  'cache-control' => 'max-age=0',
  'upgrade-insecure-requests' => '1',
  'user-agent' => 'Mozilla/5.0 (Windows NT 6.1; Win64; x64) AppleWebKit/537.36 (KHTML, like Gecko) Chrome/70.0.3538.110 Safari/537.36',
  'accept' => 'text/html,application/xhtml+xml,application/xml;q=0.9,image/webp,image/apng,*/*;q=0.8',
  'accept-encoding' => 'gzip, deflate, br',
  'accept-language' => 'zh-CN,zh;q=0.9',
  'cookie' => 'pgv_pvi=6860910592; remeber_name=sgdc',
)
[ info ] [ PARAM ] array (
)
[ info ] [ DB ] INIT mysql
[ info ] [ CACHE ] INIT File
[ info ] [ RUN ] app\mark\controller\Index->index[ C:\wamp64\www\score\application\mark\controller\Index.php ]
[ info ] [ LOG ] INIT File
[ sql ] [ DB ] CONNECT:[ UseTime:0.002000s ] mysql:host=localhost;dbname=score;charset=utf8
[ sql ] [ SQL ] SHOW COLUMNS FROM `access_token` [ RunTime:0.001000s ]
[ sql ] [ SQL ] SELECT * FROM `access_token` LIMIT 1 [ RunTime:0.001000s ]
[ sql ] [ SQL ] UPDATE `access_token`  SET `access_token`='lqFvXPyjsItQLd3YWDVc5eHNRX8H0Oqp9vTu5xsX1SmzfJRdPzT9RI_Pd21lkJJ9q4EKXBhOkjdUVnYn0JRn_4v6zMfl860yZvA28IrBOKKqb3PCe9hw19-36SNtZ4ZrIeMHJTKfvQrir9koHxtoc0RcZgFXGk6qhbMx-W5Yb3VqIOZSUG8Q6Adasf9Ki1heG9pOpgdtaqPuL5zvwoDHSw',`expires_time`='1544978619'  WHERE  `id` = 1 [ RunTime:0.005000s ]
---------------------------------------------------------------
[ 2018-12-16T22:43:43+08:00 ] 0.0.0.0 GET /score/public/index.php/mark/Index/index
[ info ] localhost/score/public/index.php/mark/Index/index [运行时间：0.073004s][吞吐率：13.70req/s] [内存消耗：3,904.84kb] [文件加载：43]
[ info ] [ LANG ] C:\wamp64\www\score\thinkphp\lang\zh-cn.php
[ info ] [ ROUTE ] array (
  'type' => 'module',
  'module' => 
  array (
    0 => 'mark',
    1 => 'Index',
    2 => 'index',
  ),
)
[ info ] [ HEADER ] array (
  'host' => 'localhost',
  'connection' => 'keep-alive',
  'cache-control' => 'max-age=0',
  'upgrade-insecure-requests' => '1',
  'user-agent' => 'Mozilla/5.0 (Windows NT 6.1; Win64; x64) AppleWebKit/537.36 (KHTML, like Gecko) Chrome/70.0.3538.110 Safari/537.36',
  'accept' => 'text/html,application/xhtml+xml,application/xml;q=0.9,image/webp,image/apng,*/*;q=0.8',
  'accept-encoding' => 'gzip, deflate, br',
  'accept-language' => 'zh-CN,zh;q=0.9',
  'cookie' => 'pgv_pvi=6860910592; remeber_name=sgdc',
)
[ info ] [ PARAM ] array (
)
[ info ] [ DB ] INIT mysql
[ info ] [ RUN ] app\mark\controller\Index->index[ C:\wamp64\www\score\application\mark\controller\Index.php ]
[ info ] [ LOG ] INIT File
[ sql ] [ DB ] CONNECT:[ UseTime:0.011001s ] mysql:host=localhost;dbname=score;charset=utf8
[ sql ] [ SQL ] SHOW COLUMNS FROM `access_token` [ RunTime:0.001000s ]
[ sql ] [ SQL ] SELECT * FROM `access_token` LIMIT 1 [ RunTime:0.000000s ]
---------------------------------------------------------------
[ 2018-12-16T22:44:31+08:00 ] 0.0.0.0 GET /score/public/index.php/mark/Index/index
[ info ] localhost/score/public/index.php/mark/Index/index [运行时间：0.052002s][吞吐率：19.23req/s] [内存消耗：3,904.88kb] [文件加载：43]
[ info ] [ LANG ] C:\wamp64\www\score\thinkphp\lang\zh-cn.php
[ info ] [ ROUTE ] array (
  'type' => 'module',
  'module' => 
  array (
    0 => 'mark',
    1 => 'Index',
    2 => 'index',
  ),
)
[ info ] [ HEADER ] array (
  'host' => 'localhost',
  'connection' => 'keep-alive',
  'cache-control' => 'max-age=0',
  'upgrade-insecure-requests' => '1',
  'user-agent' => 'Mozilla/5.0 (Windows NT 6.1; Win64; x64) AppleWebKit/537.36 (KHTML, like Gecko) Chrome/70.0.3538.110 Safari/537.36',
  'accept' => 'text/html,application/xhtml+xml,application/xml;q=0.9,image/webp,image/apng,*/*;q=0.8',
  'accept-encoding' => 'gzip, deflate, br',
  'accept-language' => 'zh-CN,zh;q=0.9',
  'cookie' => 'pgv_pvi=6860910592; remeber_name=sgdc',
)
[ info ] [ PARAM ] array (
)
[ info ] [ DB ] INIT mysql
[ info ] [ RUN ] app\mark\controller\Index->index[ C:\wamp64\www\score\application\mark\controller\Index.php ]
[ info ] [ LOG ] INIT File
[ sql ] [ DB ] CONNECT:[ UseTime:0.001000s ] mysql:host=localhost;dbname=score;charset=utf8
[ sql ] [ SQL ] SHOW COLUMNS FROM `access_token` [ RunTime:0.001000s ]
[ sql ] [ SQL ] SELECT * FROM `access_token` LIMIT 1 [ RunTime:0.001000s ]
---------------------------------------------------------------
[ 2018-12-16T22:45:16+08:00 ] 0.0.0.0 GET /score/public/index.php/mark/Index/index
[ info ] localhost/score/public/index.php/mark/Index/index [运行时间：0.051003s][吞吐率：19.61req/s] [内存消耗：3,904.84kb] [文件加载：43]
[ info ] [ LANG ] C:\wamp64\www\score\thinkphp\lang\zh-cn.php
[ info ] [ ROUTE ] array (
  'type' => 'module',
  'module' => 
  array (
    0 => 'mark',
    1 => 'Index',
    2 => 'index',
  ),
)
[ info ] [ HEADER ] array (
  'host' => 'localhost',
  'connection' => 'keep-alive',
  'cache-control' => 'max-age=0',
  'upgrade-insecure-requests' => '1',
  'user-agent' => 'Mozilla/5.0 (Windows NT 6.1; Win64; x64) AppleWebKit/537.36 (KHTML, like Gecko) Chrome/70.0.3538.110 Safari/537.36',
  'accept' => 'text/html,application/xhtml+xml,application/xml;q=0.9,image/webp,image/apng,*/*;q=0.8',
  'accept-encoding' => 'gzip, deflate, br',
  'accept-language' => 'zh-CN,zh;q=0.9',
  'cookie' => 'pgv_pvi=6860910592; remeber_name=sgdc',
)
[ info ] [ PARAM ] array (
)
[ info ] [ DB ] INIT mysql
[ info ] [ RUN ] app\mark\controller\Index->index[ C:\wamp64\www\score\application\mark\controller\Index.php ]
[ info ] [ LOG ] INIT File
[ sql ] [ DB ] CONNECT:[ UseTime:0.002000s ] mysql:host=localhost;dbname=score;charset=utf8
[ sql ] [ SQL ] SHOW COLUMNS FROM `access_token` [ RunTime:0.001000s ]
[ sql ] [ SQL ] SELECT * FROM `access_token` LIMIT 1 [ RunTime:0.000000s ]
---------------------------------------------------------------
[ 2018-12-16T22:45:22+08:00 ] 0.0.0.0 GET /score/public/index.php/mark/Index/index
[ info ] localhost/score/public/index.php/mark/Index/index [运行时间：0.055004s][吞吐率：18.18req/s] [内存消耗：3,904.84kb] [文件加载：43]
[ info ] [ LANG ] C:\wamp64\www\score\thinkphp\lang\zh-cn.php
[ info ] [ ROUTE ] array (
  'type' => 'module',
  'module' => 
  array (
    0 => 'mark',
    1 => 'Index',
    2 => 'index',
  ),
)
[ info ] [ HEADER ] array (
  'host' => 'localhost',
  'connection' => 'keep-alive',
  'cache-control' => 'max-age=0',
  'upgrade-insecure-requests' => '1',
  'user-agent' => 'Mozilla/5.0 (Windows NT 6.1; Win64; x64) AppleWebKit/537.36 (KHTML, like Gecko) Chrome/70.0.3538.110 Safari/537.36',
  'accept' => 'text/html,application/xhtml+xml,application/xml;q=0.9,image/webp,image/apng,*/*;q=0.8',
  'accept-encoding' => 'gzip, deflate, br',
  'accept-language' => 'zh-CN,zh;q=0.9',
  'cookie' => 'pgv_pvi=6860910592; remeber_name=sgdc',
)
[ info ] [ PARAM ] array (
)
[ info ] [ DB ] INIT mysql
[ info ] [ RUN ] app\mark\controller\Index->index[ C:\wamp64\www\score\application\mark\controller\Index.php ]
[ info ] [ LOG ] INIT File
[ sql ] [ DB ] CONNECT:[ UseTime:0.002000s ] mysql:host=localhost;dbname=score;charset=utf8
[ sql ] [ SQL ] SHOW COLUMNS FROM `access_token` [ RunTime:0.001000s ]
[ sql ] [ SQL ] SELECT * FROM `access_token` LIMIT 1 [ RunTime:0.001000s ]
---------------------------------------------------------------
[ 2018-12-16T22:45:45+08:00 ] 0.0.0.0 GET /score/public/index.php/mark/Index/index
[ info ] localhost/score/public/index.php/mark/Index/index [运行时间：0.063004s][吞吐率：15.87req/s] [内存消耗：3,904.52kb] [文件加载：43]
[ info ] [ LANG ] C:\wamp64\www\score\thinkphp\lang\zh-cn.php
[ info ] [ ROUTE ] array (
  'type' => 'module',
  'module' => 
  array (
    0 => 'mark',
    1 => 'Index',
    2 => 'index',
  ),
)
[ info ] [ HEADER ] array (
  'host' => 'localhost',
  'connection' => 'keep-alive',
  'cache-control' => 'max-age=0',
  'upgrade-insecure-requests' => '1',
  'user-agent' => 'Mozilla/5.0 (Windows NT 6.1; Win64; x64) AppleWebKit/537.36 (KHTML, like Gecko) Chrome/70.0.3538.110 Safari/537.36',
  'accept' => 'text/html,application/xhtml+xml,application/xml;q=0.9,image/webp,image/apng,*/*;q=0.8',
  'accept-encoding' => 'gzip, deflate, br',
  'accept-language' => 'zh-CN,zh;q=0.9',
  'cookie' => 'pgv_pvi=6860910592; remeber_name=sgdc',
)
[ info ] [ PARAM ] array (
)
[ info ] [ DB ] INIT mysql
[ info ] [ RUN ] app\mark\controller\Index->index[ C:\wamp64\www\score\application\mark\controller\Index.php ]
[ info ] [ LOG ] INIT File
[ sql ] [ DB ] CONNECT:[ UseTime:0.003000s ] mysql:host=localhost;dbname=score;charset=utf8
[ sql ] [ SQL ] SHOW COLUMNS FROM `access_token` [ RunTime:0.003000s ]
[ sql ] [ SQL ] SELECT * FROM `access_token` LIMIT 1 [ RunTime:0.001000s ]
---------------------------------------------------------------
[ 2018-12-16T22:46:05+08:00 ] 0.0.0.0 GET /score/public/index.php/mark/Index/index
[ info ] localhost/score/public/index.php/mark/Index/index [运行时间：0.067004s][吞吐率：14.92req/s] [内存消耗：3,904.52kb] [文件加载：43]
[ info ] [ LANG ] C:\wamp64\www\score\thinkphp\lang\zh-cn.php
[ info ] [ ROUTE ] array (
  'type' => 'module',
  'module' => 
  array (
    0 => 'mark',
    1 => 'Index',
    2 => 'index',
  ),
)
[ info ] [ HEADER ] array (
  'host' => 'localhost',
  'connection' => 'keep-alive',
  'cache-control' => 'max-age=0',
  'upgrade-insecure-requests' => '1',
  'user-agent' => 'Mozilla/5.0 (Windows NT 6.1; Win64; x64) AppleWebKit/537.36 (KHTML, like Gecko) Chrome/70.0.3538.110 Safari/537.36',
  'accept' => 'text/html,application/xhtml+xml,application/xml;q=0.9,image/webp,image/apng,*/*;q=0.8',
  'accept-encoding' => 'gzip, deflate, br',
  'accept-language' => 'zh-CN,zh;q=0.9',
  'cookie' => 'pgv_pvi=6860910592; remeber_name=sgdc',
)
[ info ] [ PARAM ] array (
)
[ info ] [ DB ] INIT mysql
[ info ] [ RUN ] app\mark\controller\Index->index[ C:\wamp64\www\score\application\mark\controller\Index.php ]
[ info ] [ LOG ] INIT File
[ sql ] [ DB ] CONNECT:[ UseTime:0.020002s ] mysql:host=localhost;dbname=score;charset=utf8
[ sql ] [ SQL ] SHOW COLUMNS FROM `access_token` [ RunTime:0.002000s ]
[ sql ] [ SQL ] SELECT * FROM `access_token` LIMIT 1 [ RunTime:0.001000s ]
---------------------------------------------------------------
[ 2018-12-16T22:46:22+08:00 ] 0.0.0.0 GET /score/public/index.php/mark/Index/index
[ info ] localhost/score/public/index.php/mark/Index/index [运行时间：0.063003s][吞吐率：15.87req/s] [内存消耗：3,904.52kb] [文件加载：43]
[ info ] [ LANG ] C:\wamp64\www\score\thinkphp\lang\zh-cn.php
[ info ] [ ROUTE ] array (
  'type' => 'module',
  'module' => 
  array (
    0 => 'mark',
    1 => 'Index',
    2 => 'index',
  ),
)
[ info ] [ HEADER ] array (
  'host' => 'localhost',
  'connection' => 'keep-alive',
  'cache-control' => 'max-age=0',
  'upgrade-insecure-requests' => '1',
  'user-agent' => 'Mozilla/5.0 (Windows NT 6.1; Win64; x64) AppleWebKit/537.36 (KHTML, like Gecko) Chrome/70.0.3538.110 Safari/537.36',
  'accept' => 'text/html,application/xhtml+xml,application/xml;q=0.9,image/webp,image/apng,*/*;q=0.8',
  'accept-encoding' => 'gzip, deflate, br',
  'accept-language' => 'zh-CN,zh;q=0.9',
  'cookie' => 'pgv_pvi=6860910592; remeber_name=sgdc',
)
[ info ] [ PARAM ] array (
)
[ info ] [ DB ] INIT mysql
[ info ] [ RUN ] app\mark\controller\Index->index[ C:\wamp64\www\score\application\mark\controller\Index.php ]
[ info ] [ LOG ] INIT File
[ sql ] [ DB ] CONNECT:[ UseTime:0.004000s ] mysql:host=localhost;dbname=score;charset=utf8
[ sql ] [ SQL ] SHOW COLUMNS FROM `access_token` [ RunTime:0.002000s ]
[ sql ] [ SQL ] SELECT * FROM `access_token` LIMIT 1 [ RunTime:0.001000s ]
---------------------------------------------------------------
[ 2018-12-16T22:46:42+08:00 ] 0.0.0.0 GET /score/public/index.php/mark/Index/index
[ info ] localhost/score/public/index.php/mark/Index/index [运行时间：0.060003s][吞吐率：16.67req/s] [内存消耗：2,474.57kb] [文件加载：36]
[ info ] [ LANG ] C:\wamp64\www\score\thinkphp\lang\zh-cn.php
[ info ] [ ROUTE ] array (
  'type' => 'module',
  'module' => 
  array (
    0 => 'mark',
    1 => 'Index',
    2 => 'index',
  ),
)
[ info ] [ HEADER ] array (
  'host' => 'localhost',
  'connection' => 'keep-alive',
  'cache-control' => 'max-age=0',
  'upgrade-insecure-requests' => '1',
  'user-agent' => 'Mozilla/5.0 (Windows NT 6.1; Win64; x64) AppleWebKit/537.36 (KHTML, like Gecko) Chrome/70.0.3538.110 Safari/537.36',
  'accept' => 'text/html,application/xhtml+xml,application/xml;q=0.9,image/webp,image/apng,*/*;q=0.8',
  'accept-encoding' => 'gzip, deflate, br',
  'accept-language' => 'zh-CN,zh;q=0.9',
  'cookie' => 'pgv_pvi=6860910592; remeber_name=sgdc',
)
[ info ] [ PARAM ] array (
)
[ info ] [ LOG ] INIT File
[ error ] [64]Namespace declaration statement has to be the very first statement in the script[C:\wamp64\www\score\application\mark\controller\Index.php:3]
---------------------------------------------------------------
[ 2018-12-16T22:46:54+08:00 ] 0.0.0.0 GET /score/public/index.php/mark/Index/index
[ info ] localhost/score/public/index.php/mark/Index/index [运行时间：0.063004s][吞吐率：15.87req/s] [内存消耗：2,488.50kb] [文件加载：38]
[ info ] [ LANG ] C:\wamp64\www\score\thinkphp\lang\zh-cn.php
[ info ] [ ROUTE ] array (
  'type' => 'module',
  'module' => 
  array (
    0 => 'mark',
    1 => 'Index',
    2 => 'index',
  ),
)
[ info ] [ HEADER ] array (
  'host' => 'localhost',
  'connection' => 'keep-alive',
  'cache-control' => 'max-age=0',
  'upgrade-insecure-requests' => '1',
  'user-agent' => 'Mozilla/5.0 (Windows NT 6.1; Win64; x64) AppleWebKit/537.36 (KHTML, like Gecko) Chrome/70.0.3538.110 Safari/537.36',
  'accept' => 'text/html,application/xhtml+xml,application/xml;q=0.9,image/webp,image/apng,*/*;q=0.8',
  'accept-encoding' => 'gzip, deflate, br',
  'accept-language' => 'zh-CN,zh;q=0.9',
  'cookie' => 'pgv_pvi=6860910592; remeber_name=sgdc',
)
[ info ] [ PARAM ] array (
)
[ info ] [ LOG ] INIT File
[ error ] [1]Class 'Controller' not found[C:\wamp64\www\score\application\mark\controller\Index.php:7]
---------------------------------------------------------------
[ 2018-12-16T22:47:06+08:00 ] 0.0.0.0 GET /score/public/index.php/mark/Index/index
[ info ] localhost/score/public/index.php/mark/Index/index [运行时间：0.053003s][吞吐率：18.87req/s] [内存消耗：2,463.06kb] [文件加载：37]
[ info ] [ LANG ] C:\wamp64\www\score\thinkphp\lang\zh-cn.php
[ info ] [ ROUTE ] array (
  'type' => 'module',
  'module' => 
  array (
    0 => 'mark',
    1 => 'Index',
    2 => 'index',
  ),
)
[ info ] [ HEADER ] array (
  'host' => 'localhost',
  'connection' => 'keep-alive',
  'cache-control' => 'max-age=0',
  'upgrade-insecure-requests' => '1',
  'user-agent' => 'Mozilla/5.0 (Windows NT 6.1; Win64; x64) AppleWebKit/537.36 (KHTML, like Gecko) Chrome/70.0.3538.110 Safari/537.36',
  'accept' => 'text/html,application/xhtml+xml,application/xml;q=0.9,image/webp,image/apng,*/*;q=0.8',
  'accept-encoding' => 'gzip, deflate, br',
  'accept-language' => 'zh-CN,zh;q=0.9',
  'cookie' => 'pgv_pvi=6860910592; remeber_name=sgdc',
)
[ info ] [ PARAM ] array (
)
[ info ] [ LOG ] INIT File
---------------------------------------------------------------
[ 2018-12-16T22:47:23+08:00 ] 0.0.0.0 GET /score/public/index.php/mark/Index/index
[ info ] localhost/score/public/index.php/mark/Index/index [运行时间：0.088005s][吞吐率：11.36req/s] [内存消耗：3,904.37kb] [文件加载：43]
[ info ] [ LANG ] C:\wamp64\www\score\thinkphp\lang\zh-cn.php
[ info ] [ ROUTE ] array (
  'type' => 'module',
  'module' => 
  array (
    0 => 'mark',
    1 => 'Index',
    2 => 'index',
  ),
)
[ info ] [ HEADER ] array (
  'host' => 'localhost',
  'connection' => 'keep-alive',
  'cache-control' => 'max-age=0',
  'upgrade-insecure-requests' => '1',
  'user-agent' => 'Mozilla/5.0 (Windows NT 6.1; Win64; x64) AppleWebKit/537.36 (KHTML, like Gecko) Chrome/70.0.3538.110 Safari/537.36',
  'accept' => 'text/html,application/xhtml+xml,application/xml;q=0.9,image/webp,image/apng,*/*;q=0.8',
  'accept-encoding' => 'gzip, deflate, br',
  'accept-language' => 'zh-CN,zh;q=0.9',
  'cookie' => 'pgv_pvi=6860910592; remeber_name=sgdc',
)
[ info ] [ PARAM ] array (
)
[ info ] [ DB ] INIT mysql
[ info ] [ RUN ] app\mark\controller\Index->index[ C:\wamp64\www\score\application\mark\controller\Index.php ]
[ info ] [ LOG ] INIT File
[ sql ] [ DB ] CONNECT:[ UseTime:0.012000s ] mysql:host=localhost;dbname=score;charset=utf8
[ sql ] [ SQL ] SHOW COLUMNS FROM `access_token` [ RunTime:0.001000s ]
[ sql ] [ SQL ] SELECT * FROM `access_token` LIMIT 1 [ RunTime:0.000000s ]
---------------------------------------------------------------
[ 2018-12-16T22:49:58+08:00 ] 0.0.0.0 GET /score/public/index.php/mark/Index/index
[ info ] localhost/score/public/index.php/mark/Index/index [运行时间：0.050003s][吞吐率：20.00req/s] [内存消耗：2,487.83kb] [文件加载：36]
[ info ] [ LANG ] C:\wamp64\www\score\thinkphp\lang\zh-cn.php
[ info ] [ ROUTE ] array (
  'type' => 'module',
  'module' => 
  array (
    0 => 'mark',
    1 => 'Index',
    2 => 'index',
  ),
)
[ info ] [ HEADER ] array (
  'host' => 'localhost',
  'connection' => 'keep-alive',
  'cache-control' => 'max-age=0',
  'upgrade-insecure-requests' => '1',
  'user-agent' => 'Mozilla/5.0 (Windows NT 6.1; Win64; x64) AppleWebKit/537.36 (KHTML, like Gecko) Chrome/70.0.3538.110 Safari/537.36',
  'accept' => 'text/html,application/xhtml+xml,application/xml;q=0.9,image/webp,image/apng,*/*;q=0.8',
  'accept-encoding' => 'gzip, deflate, br',
  'accept-language' => 'zh-CN,zh;q=0.9',
  'cookie' => 'pgv_pvi=6860910592; remeber_name=sgdc',
)
[ info ] [ PARAM ] array (
)
[ info ] [ LOG ] INIT File
[ error ] [4]语法错误: unexpected '}'[C:\wamp64\www\score\application\mark\controller\Index.php:25]
---------------------------------------------------------------
[ 2018-12-16T22:50:03+08:00 ] 0.0.0.0 GET /score/public/index.php/http://www.baidu.com.html
[ info ] localhost/score/public/index.php/http://www.baidu.com.html [运行时间：0.033002s][吞吐率：30.30req/s] [内存消耗：2,449.48kb] [文件加载：35]
[ info ] [ LANG ] C:\wamp64\www\score\thinkphp\lang\zh-cn.php
[ info ] [ ROUTE ] array (
  'type' => 'module',
  'module' => 
  array (
    0 => 'http:',
    1 => 'www.baidu.com',
    2 => NULL,
  ),
)
[ info ] [ HEADER ] array (
  'host' => 'localhost',
  'connection' => 'close',
)
[ info ] [ PARAM ] array (
)
[ info ] [ LOG ] INIT File
---------------------------------------------------------------
[ 2018-12-16T22:50:03+08:00 ] 0.0.0.0 GET /score/public/index.php/mark/Index/index
[ info ] localhost/score/public/index.php/mark/Index/index [运行时间：0.133008s][吞吐率：7.52req/s] [内存消耗：4,121.98kb] [文件加载：48]
[ info ] [ LANG ] C:\wamp64\www\score\thinkphp\lang\zh-cn.php
[ info ] [ ROUTE ] array (
  'type' => 'module',
  'module' => 
  array (
    0 => 'mark',
    1 => 'Index',
    2 => 'index',
  ),
)
[ info ] [ HEADER ] array (
  'host' => 'localhost',
  'connection' => 'keep-alive',
  'cache-control' => 'max-age=0',
  'upgrade-insecure-requests' => '1',
  'user-agent' => 'Mozilla/5.0 (Windows NT 6.1; Win64; x64) AppleWebKit/537.36 (KHTML, like Gecko) Chrome/70.0.3538.110 Safari/537.36',
  'accept' => 'text/html,application/xhtml+xml,application/xml;q=0.9,image/webp,image/apng,*/*;q=0.8',
  'accept-encoding' => 'gzip, deflate, br',
  'accept-language' => 'zh-CN,zh;q=0.9',
  'cookie' => 'pgv_pvi=6860910592; remeber_name=sgdc',
)
[ info ] [ PARAM ] array (
)
[ info ] [ DB ] INIT mysql
[ info ] [ RUN ] app\mark\controller\Index->index[ C:\wamp64\www\score\application\mark\controller\Index.php ]
[ info ] [ LOG ] INIT File
[ sql ] [ DB ] CONNECT:[ UseTime:0.011001s ] mysql:host=localhost;dbname=score;charset=utf8
[ sql ] [ SQL ] SHOW COLUMNS FROM `access_token` [ RunTime:0.002000s ]
[ sql ] [ SQL ] SELECT * FROM `access_token` LIMIT 1 [ RunTime:0.001000s ]
[ error ] [2]file_get_contents(http://localhost/score/public/index.php/http://www.baidu.com.html): failed to open stream: HTTP request failed! HTTP/1.1 404 Not Found
[C:\wamp64\www\score\application\mark\controller\Index.php:23]
---------------------------------------------------------------
[ 2018-12-16T22:50:12+08:00 ] 0.0.0.0 GET /score/public/index.php/https://www.baidu.com.html
[ info ] localhost/score/public/index.php/https://www.baidu.com.html [运行时间：0.032002s][吞吐率：31.25req/s] [内存消耗：2,449.55kb] [文件加载：35]
[ info ] [ LANG ] C:\wamp64\www\score\thinkphp\lang\zh-cn.php
[ info ] [ ROUTE ] array (
  'type' => 'module',
  'module' => 
  array (
    0 => 'https:',
    1 => 'www.baidu.com',
    2 => NULL,
  ),
)
[ info ] [ HEADER ] array (
  'host' => 'localhost',
  'connection' => 'close',
)
[ info ] [ PARAM ] array (
)
[ info ] [ LOG ] INIT File
---------------------------------------------------------------
[ 2018-12-16T22:50:12+08:00 ] 0.0.0.0 GET /score/public/index.php/mark/Index/index
[ info ] localhost/score/public/index.php/mark/Index/index [运行时间：0.118007s][吞吐率：8.47req/s] [内存消耗：4,122.09kb] [文件加载：48]
[ info ] [ LANG ] C:\wamp64\www\score\thinkphp\lang\zh-cn.php
[ info ] [ ROUTE ] array (
  'type' => 'module',
  'module' => 
  array (
    0 => 'mark',
    1 => 'Index',
    2 => 'index',
  ),
)
[ info ] [ HEADER ] array (
  'host' => 'localhost',
  'connection' => 'keep-alive',
  'cache-control' => 'max-age=0',
  'upgrade-insecure-requests' => '1',
  'user-agent' => 'Mozilla/5.0 (Windows NT 6.1; Win64; x64) AppleWebKit/537.36 (KHTML, like Gecko) Chrome/70.0.3538.110 Safari/537.36',
  'accept' => 'text/html,application/xhtml+xml,application/xml;q=0.9,image/webp,image/apng,*/*;q=0.8',
  'accept-encoding' => 'gzip, deflate, br',
  'accept-language' => 'zh-CN,zh;q=0.9',
  'cookie' => 'pgv_pvi=6860910592; remeber_name=sgdc',
)
[ info ] [ PARAM ] array (
)
[ info ] [ DB ] INIT mysql
[ info ] [ RUN ] app\mark\controller\Index->index[ C:\wamp64\www\score\application\mark\controller\Index.php ]
[ info ] [ LOG ] INIT File
[ sql ] [ DB ] CONNECT:[ UseTime:0.012000s ] mysql:host=localhost;dbname=score;charset=utf8
[ sql ] [ SQL ] SHOW COLUMNS FROM `access_token` [ RunTime:0.003000s ]
[ sql ] [ SQL ] SELECT * FROM `access_token` LIMIT 1 [ RunTime:0.002000s ]
[ error ] [2]file_get_contents(http://localhost/score/public/index.php/https://www.baidu.com.html): failed to open stream: HTTP request failed! HTTP/1.1 404 Not Found
[C:\wamp64\www\score\application\mark\controller\Index.php:23]
---------------------------------------------------------------
[ 2018-12-16T22:50:17+08:00 ] 0.0.0.0 GET /score/public/index.php/https://www.baidu.com.html
[ info ] localhost/score/public/index.php/https://www.baidu.com.html [运行时间：0.031002s][吞吐率：32.26req/s] [内存消耗：2,449.55kb] [文件加载：35]
[ info ] [ LANG ] C:\wamp64\www\score\thinkphp\lang\zh-cn.php
[ info ] [ ROUTE ] array (
  'type' => 'module',
  'module' => 
  array (
    0 => 'https:',
    1 => 'www.baidu.com',
    2 => NULL,
  ),
)
[ info ] [ HEADER ] array (
  'host' => 'localhost',
  'connection' => 'close',
)
[ info ] [ PARAM ] array (
)
[ info ] [ LOG ] INIT File
---------------------------------------------------------------
[ 2018-12-16T22:50:17+08:00 ] 0.0.0.0 GET /score/public/index.php/mark/Index/index
[ info ] localhost/score/public/index.php/mark/Index/index [运行时间：0.116007s][吞吐率：8.62req/s] [内存消耗：4,122.05kb] [文件加载：48]
[ info ] [ LANG ] C:\wamp64\www\score\thinkphp\lang\zh-cn.php
[ info ] [ ROUTE ] array (
  'type' => 'module',
  'module' => 
  array (
    0 => 'mark',
    1 => 'Index',
    2 => 'index',
  ),
)
[ info ] [ HEADER ] array (
  'host' => 'localhost',
  'connection' => 'keep-alive',
  'cache-control' => 'max-age=0',
  'upgrade-insecure-requests' => '1',
  'user-agent' => 'Mozilla/5.0 (Windows NT 6.1; Win64; x64) AppleWebKit/537.36 (KHTML, like Gecko) Chrome/70.0.3538.110 Safari/537.36',
  'accept' => 'text/html,application/xhtml+xml,application/xml;q=0.9,image/webp,image/apng,*/*;q=0.8',
  'accept-encoding' => 'gzip, deflate, br',
  'accept-language' => 'zh-CN,zh;q=0.9',
  'cookie' => 'pgv_pvi=6860910592; remeber_name=sgdc',
)
[ info ] [ PARAM ] array (
)
[ info ] [ DB ] INIT mysql
[ info ] [ RUN ] app\mark\controller\Index->index[ C:\wamp64\www\score\application\mark\controller\Index.php ]
[ info ] [ LOG ] INIT File
[ sql ] [ DB ] CONNECT:[ UseTime:0.002000s ] mysql:host=localhost;dbname=score;charset=utf8
[ sql ] [ SQL ] SHOW COLUMNS FROM `access_token` [ RunTime:0.002001s ]
[ sql ] [ SQL ] SELECT * FROM `access_token` LIMIT 1 [ RunTime:0.000000s ]
[ error ] [2]file_get_contents(http://localhost/score/public/index.php/https://www.baidu.com.html): failed to open stream: HTTP request failed! HTTP/1.1 404 Not Found
[C:\wamp64\www\score\application\mark\controller\Index.php:23]
---------------------------------------------------------------
[ 2018-12-16T22:50:29+08:00 ] 0.0.0.0 GET /score/public/index.php/www.thinkphp.cn/topic/49438.html.html
[ info ] localhost/score/public/index.php/www.thinkphp.cn/topic/49438.html.html [运行时间：0.043003s][吞吐率：23.25req/s] [内存消耗：2,449.62kb] [文件加载：35]
[ info ] [ LANG ] C:\wamp64\www\score\thinkphp\lang\zh-cn.php
[ info ] [ ROUTE ] array (
  'type' => 'module',
  'module' => 
  array (
    0 => 'www.thinkphp.cn',
    1 => 'topic',
    2 => '49438.html',
  ),
)
[ info ] [ HEADER ] array (
  'host' => 'localhost',
  'connection' => 'close',
)
[ info ] [ PARAM ] array (
)
[ info ] [ LOG ] INIT File
---------------------------------------------------------------
[ 2018-12-16T22:50:29+08:00 ] 0.0.0.0 GET /score/public/index.php/mark/Index/index
[ info ] localhost/score/public/index.php/mark/Index/index [运行时间：0.121007s][吞吐率：8.26req/s] [内存消耗：4,122.13kb] [文件加载：48]
[ info ] [ LANG ] C:\wamp64\www\score\thinkphp\lang\zh-cn.php
[ info ] [ ROUTE ] array (
  'type' => 'module',
  'module' => 
  array (
    0 => 'mark',
    1 => 'Index',
    2 => 'index',
  ),
)
[ info ] [ HEADER ] array (
  'host' => 'localhost',
  'connection' => 'keep-alive',
  'cache-control' => 'max-age=0',
  'upgrade-insecure-requests' => '1',
  'user-agent' => 'Mozilla/5.0 (Windows NT 6.1; Win64; x64) AppleWebKit/537.36 (KHTML, like Gecko) Chrome/70.0.3538.110 Safari/537.36',
  'accept' => 'text/html,application/xhtml+xml,application/xml;q=0.9,image/webp,image/apng,*/*;q=0.8',
  'accept-encoding' => 'gzip, deflate, br',
  'accept-language' => 'zh-CN,zh;q=0.9',
  'cookie' => 'pgv_pvi=6860910592; remeber_name=sgdc',
)
[ info ] [ PARAM ] array (
)
[ info ] [ DB ] INIT mysql
[ info ] [ RUN ] app\mark\controller\Index->index[ C:\wamp64\www\score\application\mark\controller\Index.php ]
[ info ] [ LOG ] INIT File
[ sql ] [ DB ] CONNECT:[ UseTime:0.003000s ] mysql:host=localhost;dbname=score;charset=utf8
[ sql ] [ SQL ] SHOW COLUMNS FROM `access_token` [ RunTime:0.003000s ]
[ sql ] [ SQL ] SELECT * FROM `access_token` LIMIT 1 [ RunTime:0.002000s ]
[ error ] [2]file_get_contents(http://localhost/score/public/index.php/www.thinkphp.cn/topic/49438.html.html): failed to open stream: HTTP request failed! HTTP/1.1 404 Not Found
[C:\wamp64\www\score\application\mark\controller\Index.php:23]
---------------------------------------------------------------
[ 2018-12-16T22:50:40+08:00 ] 0.0.0.0 GET /score/public/index.php/mark/Index/index
[ info ] localhost/score/public/index.php/mark/Index/index [运行时间：0.074004s][吞吐率：13.51req/s] [内存消耗：4,120.54kb] [文件加载：48]
[ info ] [ LANG ] C:\wamp64\www\score\thinkphp\lang\zh-cn.php
[ info ] [ ROUTE ] array (
  'type' => 'module',
  'module' => 
  array (
    0 => 'mark',
    1 => 'Index',
    2 => 'index',
  ),
)
[ info ] [ HEADER ] array (
  'host' => 'localhost',
  'connection' => 'keep-alive',
  'cache-control' => 'max-age=0',
  'upgrade-insecure-requests' => '1',
  'user-agent' => 'Mozilla/5.0 (Windows NT 6.1; Win64; x64) AppleWebKit/537.36 (KHTML, like Gecko) Chrome/70.0.3538.110 Safari/537.36',
  'accept' => 'text/html,application/xhtml+xml,application/xml;q=0.9,image/webp,image/apng,*/*;q=0.8',
  'accept-encoding' => 'gzip, deflate, br',
  'accept-language' => 'zh-CN,zh;q=0.9',
  'cookie' => 'pgv_pvi=6860910592; remeber_name=sgdc',
)
[ info ] [ PARAM ] array (
)
[ info ] [ DB ] INIT mysql
[ info ] [ RUN ] app\mark\controller\Index->index[ C:\wamp64\www\score\application\mark\controller\Index.php ]
[ info ] [ LOG ] INIT File
[ sql ] [ DB ] CONNECT:[ UseTime:0.002000s ] mysql:host=localhost;dbname=score;charset=utf8
[ sql ] [ SQL ] SHOW COLUMNS FROM `access_token` [ RunTime:0.004001s ]
[ sql ] [ SQL ] SELECT * FROM `access_token` LIMIT 1 [ RunTime:0.001000s ]
[ error ] [2]file_get_contents(/score/public/index.php/www.thinkphp.cn/topic/49438.html.html): failed to open stream: No such file or directory[C:\wamp64\www\score\application\mark\controller\Index.php:23]
---------------------------------------------------------------
[ 2018-12-16T22:52:18+08:00 ] 0.0.0.0 GET /score/public/index.php/mark/Index/index
[ info ] localhost/score/public/index.php/mark/Index/index [运行时间：0.049003s][吞吐率：20.41req/s] [内存消耗：2,486.87kb] [文件加载：36]
[ info ] [ LANG ] C:\wamp64\www\score\thinkphp\lang\zh-cn.php
[ info ] [ ROUTE ] array (
  'type' => 'module',
  'module' => 
  array (
    0 => 'mark',
    1 => 'Index',
    2 => 'index',
  ),
)
[ info ] [ HEADER ] array (
  'host' => 'localhost',
  'connection' => 'keep-alive',
  'cache-control' => 'max-age=0',
  'upgrade-insecure-requests' => '1',
  'user-agent' => 'Mozilla/5.0 (Windows NT 6.1; Win64; x64) AppleWebKit/537.36 (KHTML, like Gecko) Chrome/70.0.3538.110 Safari/537.36',
  'accept' => 'text/html,application/xhtml+xml,application/xml;q=0.9,image/webp,image/apng,*/*;q=0.8',
  'accept-encoding' => 'gzip, deflate, br',
  'accept-language' => 'zh-CN,zh;q=0.9',
  'cookie' => 'pgv_pvi=6860910592; remeber_name=sgdc',
)
[ info ] [ PARAM ] array (
)
[ info ] [ LOG ] INIT File
[ error ] [4]语法错误: unexpected ')'[C:\wamp64\www\score\application\mark\controller\Index.php:23]
---------------------------------------------------------------
[ 2018-12-16T22:52:25+08:00 ] 0.0.0.0 GET /score/public/index.php/mark/Index/index
[ info ] localhost/score/public/index.php/mark/Index/index [运行时间：0.091005s][吞吐率：10.99req/s] [内存消耗：3,848.63kb] [文件加载：44]
[ info ] [ LANG ] C:\wamp64\www\score\thinkphp\lang\zh-cn.php
[ info ] [ ROUTE ] array (
  'type' => 'module',
  'module' => 
  array (
    0 => 'mark',
    1 => 'Index',
    2 => 'index',
  ),
)
[ info ] [ HEADER ] array (
  'host' => 'localhost',
  'connection' => 'keep-alive',
  'cache-control' => 'max-age=0',
  'upgrade-insecure-requests' => '1',
  'user-agent' => 'Mozilla/5.0 (Windows NT 6.1; Win64; x64) AppleWebKit/537.36 (KHTML, like Gecko) Chrome/70.0.3538.110 Safari/537.36',
  'accept' => 'text/html,application/xhtml+xml,application/xml;q=0.9,image/webp,image/apng,*/*;q=0.8',
  'accept-encoding' => 'gzip, deflate, br',
  'accept-language' => 'zh-CN,zh;q=0.9',
  'cookie' => 'pgv_pvi=6860910592; remeber_name=sgdc',
)
[ info ] [ PARAM ] array (
)
[ info ] [ DB ] INIT mysql
[ info ] [ RUN ] app\mark\controller\Index->index[ C:\wamp64\www\score\application\mark\controller\Index.php ]
[ info ] [ LOG ] INIT File
[ sql ] [ DB ] CONNECT:[ UseTime:0.013000s ] mysql:host=localhost;dbname=score;charset=utf8
[ sql ] [ SQL ] SHOW COLUMNS FROM `access_token` [ RunTime:0.003001s ]
[ sql ] [ SQL ] SELECT * FROM `access_token` LIMIT 1 [ RunTime:0.001000s ]
---------------------------------------------------------------
[ 2018-12-16T22:53:25+08:00 ] 0.0.0.0 GET /score/public/index.php/mark/Index/index
[ info ] localhost/score/public/index.php/mark/Index/index [运行时间：0.068003s][吞吐率：14.71req/s] [内存消耗：3,848.49kb] [文件加载：44]
[ info ] [ LANG ] C:\wamp64\www\score\thinkphp\lang\zh-cn.php
[ info ] [ ROUTE ] array (
  'type' => 'module',
  'module' => 
  array (
    0 => 'mark',
    1 => 'Index',
    2 => 'index',
  ),
)
[ info ] [ HEADER ] array (
  'host' => 'localhost',
  'connection' => 'keep-alive',
  'upgrade-insecure-requests' => '1',
  'user-agent' => 'Mozilla/5.0 (Windows NT 6.1; Win64; x64) AppleWebKit/537.36 (KHTML, like Gecko) Chrome/70.0.3538.110 Safari/537.36',
  'accept' => 'text/html,application/xhtml+xml,application/xml;q=0.9,image/webp,image/apng,*/*;q=0.8',
  'accept-encoding' => 'gzip, deflate, br',
  'accept-language' => 'zh-CN,zh;q=0.9',
  'cookie' => 'pgv_pvi=6860910592; remeber_name=sgdc',
)
[ info ] [ PARAM ] array (
)
[ info ] [ DB ] INIT mysql
[ info ] [ RUN ] app\mark\controller\Index->index[ C:\wamp64\www\score\application\mark\controller\Index.php ]
[ info ] [ LOG ] INIT File
[ sql ] [ DB ] CONNECT:[ UseTime:0.013001s ] mysql:host=localhost;dbname=score;charset=utf8
[ sql ] [ SQL ] SHOW COLUMNS FROM `access_token` [ RunTime:0.002000s ]
[ sql ] [ SQL ] SELECT * FROM `access_token` LIMIT 1 [ RunTime:0.001000s ]
---------------------------------------------------------------
[ 2018-12-16T22:53:44+08:00 ] 0.0.0.0 GET /score/public/index.php/mark/Index/index
[ info ] localhost/score/public/index.php/mark/Index/index [运行时间：0.056003s][吞吐率：17.86req/s] [内存消耗：3,848.49kb] [文件加载：44]
[ info ] [ LANG ] C:\wamp64\www\score\thinkphp\lang\zh-cn.php
[ info ] [ ROUTE ] array (
  'type' => 'module',
  'module' => 
  array (
    0 => 'mark',
    1 => 'Index',
    2 => 'index',
  ),
)
[ info ] [ HEADER ] array (
  'host' => 'localhost',
  'connection' => 'keep-alive',
  'upgrade-insecure-requests' => '1',
  'user-agent' => 'Mozilla/5.0 (Windows NT 6.1; Win64; x64) AppleWebKit/537.36 (KHTML, like Gecko) Chrome/70.0.3538.110 Safari/537.36',
  'accept' => 'text/html,application/xhtml+xml,application/xml;q=0.9,image/webp,image/apng,*/*;q=0.8',
  'accept-encoding' => 'gzip, deflate, br',
  'accept-language' => 'zh-CN,zh;q=0.9',
  'cookie' => 'pgv_pvi=6860910592; remeber_name=sgdc',
)
[ info ] [ PARAM ] array (
)
[ info ] [ DB ] INIT mysql
[ info ] [ RUN ] app\mark\controller\Index->index[ C:\wamp64\www\score\application\mark\controller\Index.php ]
[ info ] [ LOG ] INIT File
[ sql ] [ DB ] CONNECT:[ UseTime:0.007000s ] mysql:host=localhost;dbname=score;charset=utf8
[ sql ] [ SQL ] SHOW COLUMNS FROM `access_token` [ RunTime:0.002001s ]
[ sql ] [ SQL ] SELECT * FROM `access_token` LIMIT 1 [ RunTime:0.000000s ]
---------------------------------------------------------------
[ 2018-12-16T22:53:54+08:00 ] 0.0.0.0 GET /score/public/index.php/mark/Index/index
[ info ] localhost/score/public/index.php/mark/Index/index [运行时间：0.065003s][吞吐率：15.38req/s] [内存消耗：3,848.49kb] [文件加载：44]
[ info ] [ LANG ] C:\wamp64\www\score\thinkphp\lang\zh-cn.php
[ info ] [ ROUTE ] array (
  'type' => 'module',
  'module' => 
  array (
    0 => 'mark',
    1 => 'Index',
    2 => 'index',
  ),
)
[ info ] [ HEADER ] array (
  'host' => 'localhost',
  'connection' => 'keep-alive',
  'upgrade-insecure-requests' => '1',
  'user-agent' => 'Mozilla/5.0 (Windows NT 6.1; Win64; x64) AppleWebKit/537.36 (KHTML, like Gecko) Chrome/70.0.3538.110 Safari/537.36',
  'accept' => 'text/html,application/xhtml+xml,application/xml;q=0.9,image/webp,image/apng,*/*;q=0.8',
  'accept-encoding' => 'gzip, deflate, br',
  'accept-language' => 'zh-CN,zh;q=0.9',
  'cookie' => 'pgv_pvi=6860910592; remeber_name=sgdc',
)
[ info ] [ PARAM ] array (
)
[ info ] [ DB ] INIT mysql
[ info ] [ RUN ] app\mark\controller\Index->index[ C:\wamp64\www\score\application\mark\controller\Index.php ]
[ info ] [ LOG ] INIT File
[ sql ] [ DB ] CONNECT:[ UseTime:0.011001s ] mysql:host=localhost;dbname=score;charset=utf8
[ sql ] [ SQL ] SHOW COLUMNS FROM `access_token` [ RunTime:0.001000s ]
[ sql ] [ SQL ] SELECT * FROM `access_token` LIMIT 1 [ RunTime:0.001000s ]
---------------------------------------------------------------
[ 2018-12-16T23:01:40+08:00 ] 0.0.0.0 GET /score/public/index.php/mark/Index/index
[ info ] localhost/score/public/index.php/mark/Index/index [运行时间：0.077005s][吞吐率：12.99req/s] [内存消耗：4,007.23kb] [文件加载：47]
[ info ] [ LANG ] C:\wamp64\www\score\thinkphp\lang\zh-cn.php
[ info ] [ ROUTE ] array (
  'type' => 'module',
  'module' => 
  array (
    0 => 'mark',
    1 => 'Index',
    2 => 'index',
  ),
)
[ info ] [ HEADER ] array (
  'host' => 'localhost',
  'connection' => 'keep-alive',
  'upgrade-insecure-requests' => '1',
  'user-agent' => 'Mozilla/5.0 (Windows NT 6.1; Win64; x64) AppleWebKit/537.36 (KHTML, like Gecko) Chrome/70.0.3538.110 Safari/537.36',
  'accept' => 'text/html,application/xhtml+xml,application/xml;q=0.9,image/webp,image/apng,*/*;q=0.8',
  'accept-encoding' => 'gzip, deflate, br',
  'accept-language' => 'zh-CN,zh;q=0.9',
  'cookie' => 'pgv_pvi=6860910592; remeber_name=sgdc',
)
[ info ] [ PARAM ] array (
)
[ info ] [ DB ] INIT mysql
[ info ] [ RUN ] app\mark\controller\Index->index[ C:\wamp64\www\score\application\mark\controller\Index.php ]
[ info ] [ LOG ] INIT File
[ sql ] [ DB ] CONNECT:[ UseTime:0.004001s ] mysql:host=localhost;dbname=score;charset=utf8
[ sql ] [ SQL ] SHOW COLUMNS FROM `access_token` [ RunTime:0.002000s ]
[ sql ] [ SQL ] SELECT * FROM `access_token` LIMIT 1 [ RunTime:0.001000s ]
[ error ] [8]未定义变量: gotourl[C:\wamp64\www\score\application\mark\controller\Index.php:26]
---------------------------------------------------------------
[ 2018-12-16T23:01:49+08:00 ] 0.0.0.0 GET /score/public/index.php/mark/Index/index
[ info ] localhost/score/public/index.php/mark/Index/index [运行时间：0.085005s][吞吐率：11.76req/s] [内存消耗：3,853.05kb] [文件加载：44]
[ info ] [ LANG ] C:\wamp64\www\score\thinkphp\lang\zh-cn.php
[ info ] [ ROUTE ] array (
  'type' => 'module',
  'module' => 
  array (
    0 => 'mark',
    1 => 'Index',
    2 => 'index',
  ),
)
[ info ] [ HEADER ] array (
  'host' => 'localhost',
  'connection' => 'keep-alive',
  'cache-control' => 'max-age=0',
  'upgrade-insecure-requests' => '1',
  'user-agent' => 'Mozilla/5.0 (Windows NT 6.1; Win64; x64) AppleWebKit/537.36 (KHTML, like Gecko) Chrome/70.0.3538.110 Safari/537.36',
  'accept' => 'text/html,application/xhtml+xml,application/xml;q=0.9,image/webp,image/apng,*/*;q=0.8',
  'accept-encoding' => 'gzip, deflate, br',
  'accept-language' => 'zh-CN,zh;q=0.9',
  'cookie' => 'pgv_pvi=6860910592; remeber_name=sgdc',
)
[ info ] [ PARAM ] array (
)
[ info ] [ DB ] INIT mysql
[ info ] [ RUN ] app\mark\controller\Index->index[ C:\wamp64\www\score\application\mark\controller\Index.php ]
[ info ] [ LOG ] INIT File
[ sql ] [ DB ] CONNECT:[ UseTime:0.003000s ] mysql:host=localhost;dbname=score;charset=utf8
[ sql ] [ SQL ] SHOW COLUMNS FROM `access_token` [ RunTime:0.002000s ]
[ sql ] [ SQL ] SELECT * FROM `access_token` LIMIT 1 [ RunTime:0.001000s ]
